  Game.cpp
  ObjectHandler.cpp
  Pipeline.cpp
  RenderQueue.cpp
  GUI.cpp
  main.cpp
  Camera.cpp
  Textured.cpp
  Cube.cpp
  Mesh.cpp
  Plane.cpp
  Point.cpp
D:\Git\Perspective_Projection\Perspective_Projection\src\object\renderable\Point.cpp(27,84): warning C4244: "=": Konvertierung von "double" in "float", möglicher Datenverlust
D:\Git\Perspective_Projection\Perspective_Projection\src\object\renderable\Point.cpp(28,84): warning C4244: "=": Konvertierung von "double" in "float", möglicher Datenverlust
D:\Git\Perspective_Projection\Perspective_Projection\src\object\renderable\Point.cpp(32,42): warning C4244: "=": Konvertierung von "double" in "float", möglicher Datenverlust
D:\Git\Perspective_Projection\Perspective_Projection\src\object\renderable\Point.cpp(153,32): warning C4244: "return": Konvertierung von "double" in "float", möglicher Datenverlust
  Renderable.cpp
  Triangle.cpp
D:\Git\Perspective_Projection\Perspective_Projection\src\object\renderable\Triangle.cpp(122,22): warning C4244: "Initialisierung": Konvertierung von "T" in "int", möglicher Datenverlust
          with
          [
              T=float
          ]
D:\Git\Perspective_Projection\Perspective_Projection\src\object\renderable\Triangle.cpp(196,22): warning C4244: "Initialisierung": Konvertierung von "T" in "int", möglicher Datenverlust
          with
          [
              T=float
          ]
  WavefrontObj.cpp
D:\Git\Perspective_Projection\Perspective_Projection\src\object\renderable\WavefrontObj.cpp(123,164): warning C4244: "Argument": Konvertierung von "float" in "sf::Uint8", möglicher Datenverlust
D:\Git\Perspective_Projection\Perspective_Projection\src\object\renderable\WavefrontObj.cpp(126,164): warning C4244: "Argument": Konvertierung von "float" in "sf::Uint8", möglicher Datenverlust
D:\Git\Perspective_Projection\Perspective_Projection\src\object\renderable\WavefrontObj.cpp(127,164): warning C4244: "Argument": Konvertierung von "float" in "sf::Uint8", möglicher Datenverlust
  Code wird generiert...
D:\Git\Perspective_Projection\Perspective_Projection\src\object\renderable\Point.cpp(148): warning C4172: Adresse einer lokalen Variablen oder eines temporären Werts ": pList" wird zurückgegeben
D:\Git\Perspective_Projection\Perspective_Projection\src\core\ObjectHandler.cpp(140): warning C4172: Adresse einer lokalen Variablen oder eines temporären Werts ": combList" wird zurückgegeben
  Perspective_Projection.vcxproj -> D:\Git\Perspective_Projection\x64\Debug\Perspective_Projection.exe
