d:\git\perspective_projection\perspective_projection\x64\debug\vc143.pdb
d:\git\perspective_projection\perspective_projection\x64\debug\vc143.idb
d:\git\perspective_projection\perspective_projection\x64\debug\point.obj
d:\git\perspective_projection\perspective_projection\x64\debug\matrixoperations.obj
d:\git\perspective_projection\perspective_projection\x64\debug\matrix3x1.obj
d:\git\perspective_projection\perspective_projection\x64\debug\matrix3x3.obj
d:\git\perspective_projection\perspective_projection\x64\debug\matrix.obj
d:\git\perspective_projection\perspective_projection\x64\debug\imgui_widgets.obj
d:\git\perspective_projection\perspective_projection\x64\debug\imgui_tables.obj
d:\git\perspective_projection\perspective_projection\x64\debug\imgui_draw.obj
d:\git\perspective_projection\perspective_projection\x64\debug\imgui.obj
d:\git\perspective_projection\perspective_projection\x64\debug\imgui-sfml.obj
d:\git\perspective_projection\perspective_projection\x64\debug\camera.obj
d:\git\perspective_projection\perspective_projection\x64\debug\abstractobject.obj
d:\git\perspective_projection\perspective_projection\x64\debug\texture.obj
d:\git\perspective_projection\perspective_projection\x64\debug\renderable.obj
d:\git\perspective_projection\perspective_projection\x64\debug\wavefrontobj.obj
d:\git\perspective_projection\perspective_projection\x64\debug\triangle.obj
d:\git\perspective_projection\perspective_projection\x64\debug\renderqueue.obj
d:\git\perspective_projection\perspective_projection\x64\debug\plane.obj
d:\git\perspective_projection\perspective_projection\x64\debug\objecthandler.obj
d:\git\perspective_projection\perspective_projection\x64\debug\mesh.obj
d:\git\perspective_projection\perspective_projection\x64\debug\main.obj
d:\git\perspective_projection\perspective_projection\x64\debug\gui.obj
d:\git\perspective_projection\perspective_projection\x64\debug\game.obj
d:\git\perspective_projection\perspective_projection\x64\debug\cube.obj
d:\git\perspective_projection\perspective_projection\x64\debug\textured.obj
d:\git\perspective_projection\perspective_projection\x64\debug\ressources.obj
d:\git\perspective_projection\perspective_projection\x64\debug\pipeline.obj
d:\git\perspective_projection\perspective_projection\x64\debug\perspective_projection.ilk
d:\git\perspective_projection\x64\debug\perspective_projection.exe
d:\git\perspective_projection\x64\debug\perspective_projection.pdb
d:\git\perspective_projection\perspective_projection\x64\debug\perspective_projection.res
d:\git\perspective_projection\perspective_projection\x64\debug\config.obj
d:\git\perspective_projection\perspective_projection\x64\debug\mesh.obj.enc
d:\git\perspective_projection\perspective_projection\x64\debug\point.obj.enc
d:\git\perspective_projection\perspective_projection\x64\debug\triangle.obj.enc
d:\git\perspective_projection\perspective_projection\x64\debug\perspect.5e768ebd.tlog\cl.command.1.tlog
d:\git\perspective_projection\perspective_projection\x64\debug\perspect.5e768ebd.tlog\cl.read.1.tlog
d:\git\perspective_projection\perspective_projection\x64\debug\perspect.5e768ebd.tlog\cl.write.1.tlog
d:\git\perspective_projection\perspective_projection\x64\debug\perspect.5e768ebd.tlog\link.command.1.tlog
d:\git\perspective_projection\perspective_projection\x64\debug\perspect.5e768ebd.tlog\link.read.1.tlog
d:\git\perspective_projection\perspective_projection\x64\debug\perspect.5e768ebd.tlog\link.write.1.tlog
d:\git\perspective_projection\perspective_projection\x64\debug\perspect.5e768ebd.tlog\rc.command.1.tlog
d:\git\perspective_projection\perspective_projection\x64\debug\perspect.5e768ebd.tlog\rc.read.1.tlog
d:\git\perspective_projection\perspective_projection\x64\debug\perspect.5e768ebd.tlog\rc.write.1.tlog
