c:\git\perspective_projection\perspective_projection\x64\debug\abstractobject.obj
c:\git\perspective_projection\perspective_projection\x64\debug\camera.obj
c:\git\perspective_projection\perspective_projection\x64\debug\config.obj
c:\git\perspective_projection\perspective_projection\x64\debug\cube.obj
c:\git\perspective_projection\perspective_projection\x64\debug\gui.obj
c:\git\perspective_projection\perspective_projection\x64\debug\imgui-sfml.obj
c:\git\perspective_projection\perspective_projection\x64\debug\imgui.obj
c:\git\perspective_projection\perspective_projection\x64\debug\imgui_draw.obj
c:\git\perspective_projection\perspective_projection\x64\debug\imgui_tables.obj
c:\git\perspective_projection\perspective_projection\x64\debug\imgui_widgets.obj
c:\git\perspective_projection\perspective_projection\x64\debug\main.obj
c:\git\perspective_projection\perspective_projection\x64\debug\matrix.obj
c:\git\perspective_projection\perspective_projection\x64\debug\matrix3x1.obj
c:\git\perspective_projection\perspective_projection\x64\debug\matrix3x3.obj
c:\git\perspective_projection\perspective_projection\x64\debug\matrixoperations.obj
c:\git\perspective_projection\perspective_projection\x64\debug\mesh.obj
c:\git\perspective_projection\perspective_projection\x64\debug\objecthandler.obj
c:\git\perspective_projection\perspective_projection\x64\debug\pipeline.obj
c:\git\perspective_projection\perspective_projection\x64\debug\point.obj
c:\git\perspective_projection\perspective_projection\x64\debug\renderable.obj
c:\git\perspective_projection\perspective_projection\x64\debug\renderqueue.obj
c:\git\perspective_projection\perspective_projection\x64\debug\ressources.obj
c:\git\perspective_projection\perspective_projection\x64\debug\texture.obj
c:\git\perspective_projection\perspective_projection\x64\debug\textured.obj
c:\git\perspective_projection\perspective_projection\x64\debug\triangle.obj
c:\git\perspective_projection\perspective_projection\x64\debug\vc143.idb
c:\git\perspective_projection\perspective_projection\x64\debug\vc143.pdb
c:\git\perspective_projection\perspective_projection\x64\debug\perspect.5e768ebd.tlog\cl.command.1.tlog
